<?xml version="1.0" encoding="UTF-8"?>
<!-- Generated by org.testng.reporters.JUnitXMLReporter -->
<testsuite ignored="1" hostname="LAPTOP-58KVVUOH" failures="2" tests="2" name="Test(failed)" time="0.061" errors="0" timestamp="2021-03-04T10:34:57 IST">
  <testcase classname="com.zigwheels.ZigWheelsProject.TestClass2" name="testSearchBox" time="0.011">
    <failure type="java.lang.NullPointerException" message="Cannot invoke &amp;quot;org.openqa.selenium.WebDriver.findElement(org.openqa.selenium.By)&amp;quot; because &amp;quot;this.driver&amp;quot; is null">
      <![CDATA[java.lang.NullPointerException: Cannot invoke "org.openqa.selenium.WebDriver.findElement(org.openqa.selenium.By)" because "this.driver" is null
at com.zigwheels.ZigWheelsProject.TestClass2.testSearchBox(TestClass2.java:19)
at java.base/java.util.ArrayList.forEach(ArrayList.java:1511)
... Removed 27 stack frames]]>
    </failure>
  </testcase> <!-- testSearchBox -->
  <testcase classname="com.zigwheels.ZigWheelsProject.TestClass1" name="verifyTitle" time="0.002">
    <failure type="java.lang.NullPointerException" message="Cannot invoke &amp;quot;org.openqa.selenium.WebDriver.getTitle()&amp;quot; because &amp;quot;this.driver&amp;quot; is null">
      <![CDATA[java.lang.NullPointerException: Cannot invoke "org.openqa.selenium.WebDriver.getTitle()" because "this.driver" is null
at com.zigwheels.ZigWheelsProject.TestClass1.verifyTitle(TestClass1.java:28)
at java.base/java.util.ArrayList.forEach(ArrayList.java:1511)
... Removed 27 stack frames]]>
    </failure>
  </testcase> <!-- verifyTitle -->
  <testcase classname="com.zigwheels.ZigWheelsProject.TestClass1" name="verifyLoginButton" time="0.0">
    <ignored/>
  </testcase> <!-- verifyLoginButton -->
</testsuite> <!-- Test(failed) -->
